#
# A fatal error has been detected by the Java Runtime Environment:
#
#  EXCEPTION_ACCESS_VIOLATION (0xc0000005) at pc=0x0000000000000000, pid=16196, tid=16312
#
# JRE version: Java(TM) SE Runtime Environment (24.0.1+9) (build 24.0.1+9-30)
# Java VM: Java HotSpot(TM) 64-Bit Server VM (24.0.1+9-30, mixed mode, sharing, tiered, compressed oops, compressed class ptrs, g1 gc, windows-amd64)
# Problematic frame:
# V  [jvm.dll+0x64cd40]
#
# No core dump will be written. Minidumps are not enabled by default on client versions of Windows
#
# If you would like to submit a bug report, please visit:
#   https://bugreport.java.com/bugreport/crash.jsp
#

---------------  S U M M A R Y ------------

Command Line: -javaagent:C:\Program Files\JetBrains\IntelliJ IDEA Community Edition 2025.1.1.1\lib\idea_rt.jar=58037 -Dfile.encoding=UTF-8 -Dsun.stdout.encoding=UTF-8 -Dsun.stderr.encoding=UTF-8 com.example.LiterAlura.LiterAluraApplication

Host: AMD Ryzen 5 1600 Six-Core Processor            , 12 cores, 15G,  Windows 10 , 64 bit Build 19041 (10.0.19041.3636)
Time: Sun Jun  8 12:14:24 2025 Hora estándar de Argentina elapsed time: 1.438432 seconds (0d 0h 0m 1s)

---------------  T H R E A D  ---------------

Current thread (0x000001f656bfe9d0):  JavaThread "C2 CompilerThread1" daemon [_thread_in_native, id=16312, stack(0x000000c363e00000,0x000000c363f00000) (1024K)]


Current CompileTask:
C2:1438 2533       4       java.lang.invoke.MethodType::methodType (69 bytes)

Stack: [0x000000c363e00000,0x000000c363f00000],  sp=0x000000c363efc180,  free space=1008k
Native frames: (J=compiled Java code, j=interpreted, Vv=VM code, C=native code)


siginfo: EXCEPTION_ACCESS_VIOLATION (0xc0000005), data execution prevention violation at address 0x0000000000000000


Registers:
RAX=0x00007fffc4a75248, RBX=0x000000c363efc420, RCX=0x000001f69c684008, RDX=0x000001f69c684008
RSP=0x000000c363efc178, RBP=0x0000000000000014, RSI=0x0000000000000001, RDI=0x000001f69c684008
R8 =0x000001f69d52b001, R9 =0x000001f69c4e7810, R10=0x0000000000000f1d, R11=0x000000c363efc170
R12=0x000000c363efc2b8, R13=0x000000c363efc290, R14=0x0000000000000001, R15=0x000001f69c684008
RIP=0x0000000000000000, EFLAGS=0x0000000000010246

XMM[0]=0x0000000000000000 0x0000000000000000
XMM[1]=0x000001f69c2ed728 0x000001f69c2ed778
XMM[2]=0x000001f656a859f8 0x000001f656a85a48
XMM[3]=0x000001f69c387aa0 0x000001f69c387aa0
XMM[4]=0x000001f69c38b538 0x000001f69c592148
XMM[5]=0x000001f69c6853a0 0x000001f69c683b00
XMM[6]=0x0000000000000000 0x0000000000000000
XMM[7]=0x0000000000000000 0x0000000000000000
XMM[8]=0x0000000000000000 0x0000000000000000
XMM[9]=0x0000000000000000 0x0000000000000000
XMM[10]=0x0000000000000000 0x0000000000000000
XMM[11]=0x0000000000000000 0x0000000000000000
XMM[12]=0x0000000000000000 0x0000000000000000
XMM[13]=0x0000000000000000 0x0000000000000000
XMM[14]=0x0000000000000000 0x0000000000000000
XMM[15]=0x0000000000000000 0x0000000000000000
  MXCSR=0x00001fa0


Register to memory mapping:

RAX=0x00007fffc4a75248 jvm.dll
RBX=0x000000c363efc420 is pointing into the stack for thread: 0x000001f656bfe9d0
RCX=0x000001f69c684008 points into unknown readable memory: 0x00007fffc4a77248 | 48 72 a7 c4 ff 7f 00 00
RDX=0x000001f69c684008 points into unknown readable memory: 0x00007fffc4a77248 | 48 72 a7 c4 ff 7f 00 00
RSP=0x000000c363efc178 is pointing into the stack for thread: 0x000001f656bfe9d0
RBP=0x0000000000000014 is an unknown value
RSI=0x0000000000000001 is an unknown value
RDI=0x000001f69c684008 points into unknown readable memory: 0x00007fffc4a77248 | 48 72 a7 c4 ff 7f 00 00
R8 =0x000001f69d52b001 points into unknown readable memory: 00 00 00 00 00 00 00
R9 =0x000001f69c4e7810 points into unknown readable memory: 0x000001f69cf84c28 | 28 4c f8 9c f6 01 00 00
R10=0x0000000000000f1d is an unknown value
R11=0x000000c363efc170 is pointing into the stack for thread: 0x000001f656bfe9d0
R12=0x000000c363efc2b8 is pointing into the stack for thread: 0x000001f656bfe9d0
R13=0x000000c363efc290 is pointing into the stack for thread: 0x000001f656bfe9d0
R14=0x0000000000000001 is an unknown value
R15=0x000001f69c684008 points into unknown readable memory: 0x00007fffc4a77248 | 48 72 a7 c4 ff 7f 00 00

Top of Stack: (sp=0x000000c363efc178)
0x000000c363efc178:   00007fffc46ccd40 000000c363efc420   @.l..... ..c....
0x000000c363efc188:   000001f69c683330 000001f69c683330   03h.....03h.....
0x000000c363efc198:   000000c363efc448 00007fffc4b09c20   H..c.... .......
0x000000c363efc1a8:   000001f69c682cc8 000001f69c683330   .,h.....03h.....
0x000000c363efc1b8:   00007fffc478ae01 000000c363efc420   ..x..... ..c....
0x000000c363efc1c8:   000000000000001c 000001f69c683be0   .........;h.....
0x000000c363efc1d8:   0000000000000001 000000c363efc420   ........ ..c....
0x000000c363efc1e8:   000000c363efc330 000001f69c684078   0..c....x@h.....
0x000000c363efc1f8:   00007fffc46cccaf 0000000000000011   ..l.............
0x000000c363efc208:   000001f69c683330 0000000000000014   03h.............
0x000000c363efc218:   000001f636ddef30 0000000000000000   0..6............
0x000000c363efc228:   000001f636ddef30 000000c363efc360   0..6....`..c....
0x000000c363efc238:   000001f636ddef00 000001f636d30ea0   ...6.......6....
0x000000c363efc248:   000000c363efc420 000001f656997d68    ..c....h}.V....
0x000000c363efc258:   00007fffc46cbe17 000000c363efc420   ..l..... ..c....
0x000000c363efc268:   0000000000000001 000000c300000001   ................
0x000000c363efc278:   000000c363efc330 000001f69c7a36a0   0..c.....6z.....
0x000000c363efc288:   000001f69c69f030 000001f656ad7ec0   0.i......~.V....
0x000000c363efc298:   000001f600000400 000001f69c7b8c60   ........`.{.....
0x000000c363efc2a8:   00007ff827be30ce 000000c3000003c8   .0.'............
0x000000c363efc2b8:   0000010000000100 000001f656a4ce60   ........`..V....
0x000000c363efc2c8:   000001f656ad7ec0 0000000000000000   .~.V............
0x000000c363efc2d8:   000001f69c725950 000001f656ad7ec0   PYr......~.V....
0x000000c363efc2e8:   00007fff00000004 000001f69c643dd0   .........=d.....
0x000000c363efc2f8:   0000000000000000 0000000000000000   ................
0x000000c363efc308:   0000000000000000 0000000000000000   ................
0x000000c363efc318:   0000000000000000 0000000000000000   ................
0x000000c363efc328:   00007fffc4cadc08 000001f69d521b10   ..........R.....
0x000000c363efc338:   000001f69d52b070 000001f69d521ad0   p.R.......R.....
0x000000c363efc348:   000001f656ad7ec0 000000c363efc3d0   .~.V.......c....
0x000000c363efc358:   000001f69c4e2890 000001f600000000   .(N.............
0x000000c363efc368:   00000000000001f8 00007fffc4cadbc0   ................

Instructions: (pc=0x00007fffc46ccd40)
  0x00007fffc46ccc40:   72 0a 8b d7 49 8b cc e8 34 5b 27 00 49 8b 44 24
  0x00007fffc46ccc50:   08 83 e5 1f 48 8d 14 b8 40 0f b6 cd 48 8b 7c 24
  0x00007fffc46ccc60:   60 41 b8 01 00 00 00 41 d3 e0 8b 0a 8b c1 41 0b
  0x00007fffc46ccc70:   c0 41 85 c8 89 02 8b 4c 24 70 0f 85 d0 fe ff ff
  0x00007fffc46ccc80:   48 83 06 10 48 8b ce e8 44 e2 0b 00 48 8b 06 4c
  0x00007fffc46ccc90:   89 38 4c 8b fb 44 89 70 08 8b 4b 20 e9 a7 fe ff
  0x00007fffc46ccca0:   ff 41 b0 01 49 8b d7 48 8b cf e8 71 00 00 00 48
  0x00007fffc46cccb0:   8b 4f 10 48 8b 81 60 01 00 00 48 83 78 58 00 75
  0x00007fffc46cccc0:   36 48 83 b9 78 01 00 00 00 75 2c 48 8b 06 48 3b
  0x00007fffc46cccd0:   46 10 72 17 4c 8b 38 44 8b 70 08 48 83 c0 f0 41
  0x00007fffc46ccce0:   8b 4f 20 48 89 06 e9 60 fe ff ff 41 8b 45 20 85
  0x00007fffc46cccf0:   c0 0f 85 f9 fd ff ff 4c 8b 74 24 28 48 8b 6c 24
  0x00007fffc46ccd00:   30 48 8b 5c 24 68 4c 8b 7c 24 20 48 83 c4 38 41
  0x00007fffc46ccd10:   5d 41 5c 5f 5e c3 cc cc cc cc cc cc cc cc cc cc
  0x00007fffc46ccd20:   40 53 56 57 48 83 ec 60 83 7a 18 02 41 0f b6 f0
  0x00007fffc46ccd30:   48 8b fa 48 8b d9 75 3f 48 8b 02 48 8b ca ff 10
=>0x00007fffc46ccd40:   3d 87 00 00 00 74 0d 48 8b 07 48 8b cf ff 10 83
  0x00007fffc46ccd50:   f8 37 75 23 48 8b 43 10 83 78 74 00 75 19 80 7b
  0x00007fffc46ccd60:   68 00 75 13 48 8b 4b 40 48 8b d7 48 8b 89 68 09
  0x00007fffc46ccd70:   00 00 e8 79 e8 a8 ff 48 8b 47 08 48 89 ac 24 80
  0x00007fffc46ccd80:   00 00 00 4c 89 a4 24 90 00 00 00 4c 89 74 24 58
  0x00007fffc46ccd90:   48 8b 08 4c 89 7c 24 50 48 85 c9 0f 84 dc 00 00
  0x00007fffc46ccda0:   00 48 83 79 10 00 0f 84 87 04 00 00 48 8b 07 48
  0x00007fffc46ccdb0:   8b cf ff 10 8b c8 3d 50 01 00 00 7f 2b 74 43 83
  0x00007fffc46ccdc0:   e9 1f 81 f9 c8 00 00 00 77 3b 48 63 c1 48 8d 15
  0x00007fffc46ccdd0:   2c 32 9b ff 0f b6 84 02 88 d2 64 00 8b 8c 82 80
  0x00007fffc46ccde0:   d2 64 00 48 03 ca ff e1 81 e9 52 01 00 00 74 12
  0x00007fffc46ccdf0:   83 e9 01 74 0d 83 e9 01 74 08 81 f9 9f 00 00 00
  0x00007fffc46cce00:   75 03 40 32 f6 8b 4f 2c 8b c1 83 e0 7f 3c 44 0f
  0x00007fffc46cce10:   84 97 00 00 00 83 e1 1f 80 f9 14 0f 84 8b 00 00
  0x00007fffc46cce20:   00 40 84 f6 0f 84 82 00 00 00 48 8b 07 48 8b cf
  0x00007fffc46cce30:   ff 50 10 84 c0 74 05 48 8b c7 eb 14 48 8b d7 48


Stack slot to memory mapping:

stack at sp + 0 slots: 0x000000c363efc420 is pointing into the stack for thread: 0x000001f656bfe9d0
stack at sp + 1 slots: 0x000001f69c683330 points into unknown readable memory: 0x00007fffc49fcb38 | 38 cb 9f c4 ff 7f 00 00
stack at sp + 2 slots: 0x000001f69c683330 points into unknown readable memory: 0x00007fffc49fcb38 | 38 cb 9f c4 ff 7f 00 00
stack at sp + 3 slots: 0x000000c363efc448 is pointing into the stack for thread: 0x000001f656bfe9d0
stack at sp + 4 slots: 0x00007fffc4b09c20 jvm.dll
stack at sp + 5 slots: 0x000001f69c682cc8 points into unknown readable memory: 0x00007fffc4a7cfe0 | e0 cf a7 c4 ff 7f 00 00
stack at sp + 6 slots: 0x000001f69c683330 points into unknown readable memory: 0x00007fffc49fcb38 | 38 cb 9f c4 ff 7f 00 00
stack at sp + 7 slots: 0x00007fffc478ae01 jvm.dll

Lock stack of current Java thread (top to bottom):


---------------  P R O C E S S  ---------------

Threads class SMR info:
_java_thread_list=0x000001f69d380860, length=16, elements={
0x000001f636d31f10, 0x000001f6568fb080, 0x000001f6568fbb80, 0x000001f6568feb50,
0x000001f656901690, 0x000001f6569027d0, 0x000001f6569067c0, 0x000001f656909a40,
0x000001f65690e5e0, 0x000001f656b0d1b0, 0x000001f656bfe9d0, 0x000001f656bf1ed0,
0x000001f69c1c93d0, 0x000001f656c5ff30, 0x000001f69c248a30, 0x000001f69c2498d0
}

Java Threads: ( => current thread )
  0x000001f636d31f10 JavaThread "main"                              [_thread_blocked, id=8184, stack(0x000000c362d00000,0x000000c362e00000) (1024K)]
  0x000001f6568fb080 JavaThread "Reference Handler"          daemon [_thread_blocked, id=15760, stack(0x000000c363500000,0x000000c363600000) (1024K)]
  0x000001f6568fbb80 JavaThread "Finalizer"                  daemon [_thread_blocked, id=15392, stack(0x000000c363600000,0x000000c363700000) (1024K)]
  0x000001f6568feb50 JavaThread "Signal Dispatcher"          daemon [_thread_blocked, id=15456, stack(0x000000c363700000,0x000000c363800000) (1024K)]
  0x000001f656901690 JavaThread "Attach Listener"            daemon [_thread_blocked, id=8336, stack(0x000000c363800000,0x000000c363900000) (1024K)]
  0x000001f6569027d0 JavaThread "Service Thread"             daemon [_thread_blocked, id=15688, stack(0x000000c363900000,0x000000c363a00000) (1024K)]
  0x000001f6569067c0 JavaThread "Monitor Deflation Thread"   daemon [_thread_blocked, id=11608, stack(0x000000c363a00000,0x000000c363b00000) (1024K)]
  0x000001f656909a40 JavaThread "C2 CompilerThread0"         daemon [_thread_in_native, id=3032, stack(0x000000c363b00000,0x000000c363c00000) (1024K)]
  0x000001f65690e5e0 JavaThread "C1 CompilerThread0"         daemon [_thread_in_native, id=15512, stack(0x000000c363c00000,0x000000c363d00000) (1024K)]
  0x000001f656b0d1b0 JavaThread "Common-Cleaner"             daemon [_thread_blocked, id=16280, stack(0x000000c363d00000,0x000000c363e00000) (1024K)]
=>0x000001f656bfe9d0 JavaThread "C2 CompilerThread1"         daemon [_thread_in_native, id=16312, stack(0x000000c363e00000,0x000000c363f00000) (1024K)]
  0x000001f656bf1ed0 JavaThread "C2 CompilerThread2"         daemon [_thread_in_vm, id=16308, stack(0x000000c363f00000,0x000000c364000000) (1024K)]
  0x000001f69c1c93d0 JavaThread "Monitor Ctrl-Break"         daemon [_thread_in_native, id=16284, stack(0x000000c364000000,0x000000c364100000) (1024K)]
  0x000001f656c5ff30 JavaThread "Notification Thread"        daemon [_thread_blocked, id=16208, stack(0x000000c364100000,0x000000c364200000) (1024K)]
  0x000001f69c248a30 JavaThread "Thread-0"                          [_thread_blocked, id=16236, stack(0x000000c364200000,0x000000c364300000) (1024K)]
  0x000001f69c2498d0 JavaThread "restartedMain"                     [_thread_in_Java, id=15496, stack(0x000000c364300000,0x000000c364400000) (1024K)]
Total: 16

Other Threads:
  0x000001f6568eacc0 VMThread "VM Thread"                           [id=15756, stack(0x000000c363400000,0x000000c363500000) (1024K)]
  0x000001f6567ba7b0 WatcherThread "VM Periodic Task Thread"        [id=15752, stack(0x000000c363300000,0x000000c363400000) (1024K)]
  0x000001f636d9dac0 WorkerThread "GC Thread#0"                     [id=15656, stack(0x000000c362e00000,0x000000c362f00000) (1024K)]
  0x000001f69cdc8970 WorkerThread "GC Thread#1"                     [id=16252, stack(0x000000c364500000,0x000000c364600000) (1024K)]
  0x000001f69cd1f040 WorkerThread "GC Thread#2"                     [id=16364, stack(0x000000c364600000,0x000000c364700000) (1024K)]
  0x000001f69ca03170 WorkerThread "GC Thread#3"                     [id=14656, stack(0x000000c364700000,0x000000c364800000) (1024K)]
  0x000001f69ca03520 WorkerThread "GC Thread#4"                     [id=9496, stack(0x000000c364800000,0x000000c364900000) (1024K)]
  0x000001f69cafc160 WorkerThread "GC Thread#5"                     [id=4360, stack(0x000000c364900000,0x000000c364a00000) (1024K)]
  0x000001f69cafc510 WorkerThread "GC Thread#6"                     [id=8532, stack(0x000000c364a00000,0x000000c364b00000) (1024K)]
  0x000001f69cafc8c0 WorkerThread "GC Thread#7"                     [id=14188, stack(0x000000c364b00000,0x000000c364c00000) (1024K)]
  0x000001f636db3a80 ConcurrentGCThread "G1 Main Marker"            [id=7212, stack(0x000000c362f00000,0x000000c363000000) (1024K)]
  0x000001f636db4c40 WorkerThread "G1 Conc#0"                       [id=15684, stack(0x000000c363000000,0x000000c363100000) (1024K)]
  0x000001f636dfe9e0 ConcurrentGCThread "G1 Refine#0"               [id=15556, stack(0x000000c363100000,0x000000c363200000) (1024K)]
  0x000001f6567ad740 ConcurrentGCThread "G1 Service"                [id=4048, stack(0x000000c363200000,0x000000c363300000) (1024K)]
Total: 14

Threads with active compile tasks:
C2 CompilerThread0  1582 2837       4       jdk.internal.module.SystemModuleFinders$SystemModuleReader::containsImageLocation (42 bytes)
C1 CompilerThread0  1582 2857   !   3       org.springframework.beans.factory.support.DefaultSingletonBeanRegistry::getSingleton (181 bytes)
C2 CompilerThread1  1582 2533       4       java.lang.invoke.MethodType::methodType (69 bytes)
C2 CompilerThread2  1582 2838       4       jdk.internal.jimage.BasicImageReader::verifyLocation (39 bytes)
Total: 4

VM state: not at safepoint (normal execution)

VM Mutex/Monitor currently owned by a thread: None

Heap address: 0x0000000700e00000, size: 4082 MB, Compressed Oops mode: Zero based, Oop shift amount: 3

CDS archive(s) mapped at: [0x000001f657000000-0x000001f657d40000-0x000001f657d40000), size 13893632, SharedBaseAddress: 0x000001f657000000, ArchiveRelocationMode: 1.
Compressed class space mapped at: 0x000001f658000000-0x000001f698000000, reserved size: 1073741824
UseCompressedClassPointers 1, UseCompactObjectHeaders 0
Narrow klass pointer bits 32, Max shift 3
Narrow klass base: 0x000001f657000000, Narrow klass shift: 0
Encoding Range: [0x000001f657000000 - 0x000001f757000000), (4294967296 bytes)
Klass Range:    [0x000001f657000000 - 0x000001f698000000), (1090519040 bytes)
Klass ID Range:  [8 - 1090519033) (1090519025)

GC Precious Log:
 CardTable entry size: 512
 Card Set container configuration: InlinePtr #cards 4 size 8 Array Of Cards #cards 16 size 48 Howl #buckets 8 coarsen threshold 3686 Howl Bitmap #cards 512 size 80 coarsen threshold 460 Card regions per heap region 1 cards per card region 4096
 CPUs: 12 total, 12 available
 Memory: 16320M
 Large Page Support: Disabled
 NUMA Support: Disabled
 Compressed Oops: Enabled (Zero based)
 Heap Region Size: 2M
 Heap Min Capacity: 8M
 Heap Initial Capacity: 256M
 Heap Max Capacity: 4082M
 Pre-touch: Disabled
 Parallel Workers: 10
 Concurrent Workers: 3
 Concurrent Refinement Workers: 10
 Periodic GC: Disabled

Heap:
 garbage-first heap   total reserved 4179968K, committed 264192K, used 45766K [0x0000000700e00000, 0x0000000800000000)
  region size 2048K, 21 young (43008K), 3 survivors (6144K)
 Metaspace       used 19983K, committed 20288K, reserved 1114112K
  class space    used 1967K, committed 2112K, reserved 1048576K

Heap Regions: E=young(eden), S=young(survivor), O=old, HS=humongous(starts), HC=humongous(continues), CS=collection set, F=free, TAMS=top-at-mark-start, PB=parsable bottom
|   0|0x0000000700e00000, 0x0000000701000000, 0x0000000701000000|100%| O|  |TAMS 0x0000000700e00000| PB 0x0000000700e00000| Untracked |  0
|   1|0x0000000701000000, 0x0000000701194860, 0x0000000701200000| 79%| O|  |TAMS 0x0000000701000000| PB 0x0000000701000000| Untracked |  0
|   2|0x0000000701200000, 0x0000000701200000, 0x0000000701400000|  0%| F|  |TAMS 0x0000000701200000| PB 0x0000000701200000| Untracked |  0
|   3|0x0000000701400000, 0x0000000701400000, 0x0000000701600000|  0%| F|  |TAMS 0x0000000701400000| PB 0x0000000701400000| Untracked |  0
|   4|0x0000000701600000, 0x0000000701600000, 0x0000000701800000|  0%| F|  |TAMS 0x0000000701600000| PB 0x0000000701600000| Untracked |  0
|   5|0x0000000701800000, 0x0000000701800000, 0x0000000701a00000|  0%| F|  |TAMS 0x0000000701800000| PB 0x0000000701800000| Untracked |  0
|   6|0x0000000701a00000, 0x0000000701a00000, 0x0000000701c00000|  0%| F|  |TAMS 0x0000000701a00000| PB 0x0000000701a00000| Untracked |  0
|   7|0x0000000701c00000, 0x0000000701c00000, 0x0000000701e00000|  0%| F|  |TAMS 0x0000000701c00000| PB 0x0000000701c00000| Untracked |  0
|   8|0x0000000701e00000, 0x0000000701e00000, 0x0000000702000000|  0%| F|  |TAMS 0x0000000701e00000| PB 0x0000000701e00000| Untracked |  0
|   9|0x0000000702000000, 0x0000000702000000, 0x0000000702200000|  0%| F|  |TAMS 0x0000000702000000| PB 0x0000000702000000| Untracked |  0
|  10|0x0000000702200000, 0x0000000702200000, 0x0000000702400000|  0%| F|  |TAMS 0x0000000702200000| PB 0x0000000702200000| Untracked |  0
|  11|0x0000000702400000, 0x0000000702400000, 0x0000000702600000|  0%| F|  |TAMS 0x0000000702400000| PB 0x0000000702400000| Untracked |  0
|  12|0x0000000702600000, 0x0000000702600000, 0x0000000702800000|  0%| F|  |TAMS 0x0000000702600000| PB 0x0000000702600000| Untracked |  0
|  13|0x0000000702800000, 0x0000000702800000, 0x0000000702a00000|  0%| F|  |TAMS 0x0000000702800000| PB 0x0000000702800000| Untracked |  0
|  14|0x0000000702a00000, 0x0000000702a00000, 0x0000000702c00000|  0%| F|  |TAMS 0x0000000702a00000| PB 0x0000000702a00000| Untracked |  0
|  15|0x0000000702c00000, 0x0000000702c00000, 0x0000000702e00000|  0%| F|  |TAMS 0x0000000702c00000| PB 0x0000000702c00000| Untracked |  0
|  16|0x0000000702e00000, 0x0000000702e00000, 0x0000000703000000|  0%| F|  |TAMS 0x0000000702e00000| PB 0x0000000702e00000| Untracked |  0
|  17|0x0000000703000000, 0x0000000703000000, 0x0000000703200000|  0%| F|  |TAMS 0x0000000703000000| PB 0x0000000703000000| Untracked |  0
|  18|0x0000000703200000, 0x0000000703200000, 0x0000000703400000|  0%| F|  |TAMS 0x0000000703200000| PB 0x0000000703200000| Untracked |  0
|  19|0x0000000703400000, 0x0000000703400000, 0x0000000703600000|  0%| F|  |TAMS 0x0000000703400000| PB 0x0000000703400000| Untracked |  0
|  20|0x0000000703600000, 0x0000000703600000, 0x0000000703800000|  0%| F|  |TAMS 0x0000000703600000| PB 0x0000000703600000| Untracked |  0
|  21|0x0000000703800000, 0x0000000703800000, 0x0000000703a00000|  0%| F|  |TAMS 0x0000000703800000| PB 0x0000000703800000| Untracked |  0
|  22|0x0000000703a00000, 0x0000000703a00000, 0x0000000703c00000|  0%| F|  |TAMS 0x0000000703a00000| PB 0x0000000703a00000| Untracked |  0
|  23|0x0000000703c00000, 0x0000000703c00000, 0x0000000703e00000|  0%| F|  |TAMS 0x0000000703c00000| PB 0x0000000703c00000| Untracked |  0
|  24|0x0000000703e00000, 0x0000000703e00000, 0x0000000704000000|  0%| F|  |TAMS 0x0000000703e00000| PB 0x0000000703e00000| Untracked |  0
|  25|0x0000000704000000, 0x0000000704000000, 0x0000000704200000|  0%| F|  |TAMS 0x0000000704000000| PB 0x0000000704000000| Untracked |  0
|  26|0x0000000704200000, 0x0000000704200000, 0x0000000704400000|  0%| F|  |TAMS 0x0000000704200000| PB 0x0000000704200000| Untracked |  0
|  27|0x0000000704400000, 0x0000000704400000, 0x0000000704600000|  0%| F|  |TAMS 0x0000000704400000| PB 0x0000000704400000| Untracked |  0
|  28|0x0000000704600000, 0x0000000704600000, 0x0000000704800000|  0%| F|  |TAMS 0x0000000704600000| PB 0x0000000704600000| Untracked |  0
|  29|0x0000000704800000, 0x0000000704800000, 0x0000000704a00000|  0%| F|  |TAMS 0x0000000704800000| PB 0x0000000704800000| Untracked |  0
|  30|0x0000000704a00000, 0x0000000704a00000, 0x0000000704c00000|  0%| F|  |TAMS 0x0000000704a00000| PB 0x0000000704a00000| Untracked |  0
|  31|0x0000000704c00000, 0x0000000704c00000, 0x0000000704e00000|  0%| F|  |TAMS 0x0000000704c00000| PB 0x0000000704c00000| Untracked |  0
|  32|0x0000000704e00000, 0x0000000704e00000, 0x0000000705000000|  0%| F|  |TAMS 0x0000000704e00000| PB 0x0000000704e00000| Untracked |  0
|  33|0x0000000705000000, 0x0000000705000000, 0x0000000705200000|  0%| F|  |TAMS 0x0000000705000000| PB 0x0000000705000000| Untracked |  0
|  34|0x0000000705200000, 0x0000000705200000, 0x0000000705400000|  0%| F|  |TAMS 0x0000000705200000| PB 0x0000000705200000| Untracked |  0
|  35|0x0000000705400000, 0x0000000705400000, 0x0000000705600000|  0%| F|  |TAMS 0x0000000705400000| PB 0x0000000705400000| Untracked |  0
|  36|0x0000000705600000, 0x0000000705600000, 0x0000000705800000|  0%| F|  |TAMS 0x0000000705600000| PB 0x0000000705600000| Untracked |  0
|  37|0x0000000705800000, 0x0000000705800000, 0x0000000705a00000|  0%| F|  |TAMS 0x0000000705800000| PB 0x0000000705800000| Untracked |  0
|  38|0x0000000705a00000, 0x0000000705a00000, 0x0000000705c00000|  0%| F|  |TAMS 0x0000000705a00000| PB 0x0000000705a00000| Untracked |  0
|  39|0x0000000705c00000, 0x0000000705c00000, 0x0000000705e00000|  0%| F|  |TAMS 0x0000000705c00000| PB 0x0000000705c00000| Untracked |  0
|  40|0x0000000705e00000, 0x0000000705e00000, 0x0000000706000000|  0%| F|  |TAMS 0x0000000705e00000| PB 0x0000000705e00000| Untracked |  0
|  41|0x0000000706000000, 0x0000000706000000, 0x0000000706200000|  0%| F|  |TAMS 0x0000000706000000| PB 0x0000000706000000| Untracked |  0
|  42|0x0000000706200000, 0x0000000706200000, 0x0000000706400000|  0%| F|  |TAMS 0x0000000706200000| PB 0x0000000706200000| Untracked |  0
|  43|0x0000000706400000, 0x0000000706400000, 0x0000000706600000|  0%| F|  |TAMS 0x0000000706400000| PB 0x0000000706400000| Untracked |  0
|  44|0x0000000706600000, 0x0000000706600000, 0x0000000706800000|  0%| F|  |TAMS 0x0000000706600000| PB 0x0000000706600000| Untracked |  0
|  45|0x0000000706800000, 0x0000000706800000, 0x0000000706a00000|  0%| F|  |TAMS 0x0000000706800000| PB 0x0000000706800000| Untracked |  0
|  46|0x0000000706a00000, 0x0000000706a00000, 0x0000000706c00000|  0%| F|  |TAMS 0x0000000706a00000| PB 0x0000000706a00000| Untracked |  0
|  47|0x0000000706c00000, 0x0000000706c00000, 0x0000000706e00000|  0%| F|  |TAMS 0x0000000706c00000| PB 0x0000000706c00000| Untracked |  0
|  48|0x0000000706e00000, 0x0000000706e00000, 0x0000000707000000|  0%| F|  |TAMS 0x0000000706e00000| PB 0x0000000706e00000| Untracked |  0
|  49|0x0000000707000000, 0x0000000707000000, 0x0000000707200000|  0%| F|  |TAMS 0x0000000707000000| PB 0x0000000707000000| Untracked |  0
|  50|0x0000000707200000, 0x0000000707200000, 0x0000000707400000|  0%| F|  |TAMS 0x0000000707200000| PB 0x0000000707200000| Untracked |  0
|  51|0x0000000707400000, 0x0000000707400000, 0x0000000707600000|  0%| F|  |TAMS 0x0000000707400000| PB 0x0000000707400000| Untracked |  0
|  52|0x0000000707600000, 0x0000000707600000, 0x0000000707800000|  0%| F|  |TAMS 0x0000000707600000| PB 0x0000000707600000| Untracked |  0
|  53|0x0000000707800000, 0x0000000707800000, 0x0000000707a00000|  0%| F|  |TAMS 0x0000000707800000| PB 0x0000000707800000| Untracked |  0
|  54|0x0000000707a00000, 0x0000000707a00000, 0x0000000707c00000|  0%| F|  |TAMS 0x0000000707a00000| PB 0x0000000707a00000| Untracked |  0
|  55|0x0000000707c00000, 0x0000000707c00000, 0x0000000707e00000|  0%| F|  |TAMS 0x0000000707c00000| PB 0x0000000707c00000| Untracked |  0
|  56|0x0000000707e00000, 0x0000000707e00000, 0x0000000708000000|  0%| F|  |TAMS 0x0000000707e00000| PB 0x0000000707e00000| Untracked |  0
|  57|0x0000000708000000, 0x0000000708000000, 0x0000000708200000|  0%| F|  |TAMS 0x0000000708000000| PB 0x0000000708000000| Untracked |  0
|  58|0x0000000708200000, 0x0000000708200000, 0x0000000708400000|  0%| F|  |TAMS 0x0000000708200000| PB 0x0000000708200000| Untracked |  0
|  59|0x0000000708400000, 0x0000000708400000, 0x0000000708600000|  0%| F|  |TAMS 0x0000000708400000| PB 0x0000000708400000| Untracked |  0
|  60|0x0000000708600000, 0x0000000708600000, 0x0000000708800000|  0%| F|  |TAMS 0x0000000708600000| PB 0x0000000708600000| Untracked |  0
|  61|0x0000000708800000, 0x0000000708800000, 0x0000000708a00000|  0%| F|  |TAMS 0x0000000708800000| PB 0x0000000708800000| Untracked |  0
|  62|0x0000000708a00000, 0x0000000708a00000, 0x0000000708c00000|  0%| F|  |TAMS 0x0000000708a00000| PB 0x0000000708a00000| Untracked |  0
|  63|0x0000000708c00000, 0x0000000708c00000, 0x0000000708e00000|  0%| F|  |TAMS 0x0000000708c00000| PB 0x0000000708c00000| Untracked |  0
|  64|0x0000000708e00000, 0x0000000708e00000, 0x0000000709000000|  0%| F|  |TAMS 0x0000000708e00000| PB 0x0000000708e00000| Untracked |  0
|  65|0x0000000709000000, 0x0000000709000000, 0x0000000709200000|  0%| F|  |TAMS 0x0000000709000000| PB 0x0000000709000000| Untracked |  0
|  66|0x0000000709200000, 0x0000000709200000, 0x0000000709400000|  0%| F|  |TAMS 0x0000000709200000| PB 0x0000000709200000| Untracked |  0
|  67|0x0000000709400000, 0x0000000709400000, 0x0000000709600000|  0%| F|  |TAMS 0x0000000709400000| PB 0x0000000709400000| Untracked |  0
|  68|0x0000000709600000, 0x0000000709600000, 0x0000000709800000|  0%| F|  |TAMS 0x0000000709600000| PB 0x0000000709600000| Untracked |  0
|  69|0x0000000709800000, 0x0000000709800000, 0x0000000709a00000|  0%| F|  |TAMS 0x0000000709800000| PB 0x0000000709800000| Untracked |  0
|  70|0x0000000709a00000, 0x0000000709a00000, 0x0000000709c00000|  0%| F|  |TAMS 0x0000000709a00000| PB 0x0000000709a00000| Untracked |  0
|  71|0x0000000709c00000, 0x0000000709c00000, 0x0000000709e00000|  0%| F|  |TAMS 0x0000000709c00000| PB 0x0000000709c00000| Untracked |  0
|  72|0x0000000709e00000, 0x0000000709e00000, 0x000000070a000000|  0%| F|  |TAMS 0x0000000709e00000| PB 0x0000000709e00000| Untracked |  0
|  73|0x000000070a000000, 0x000000070a000000, 0x000000070a200000|  0%| F|  |TAMS 0x000000070a000000| PB 0x000000070a000000| Untracked |  0
|  74|0x000000070a200000, 0x000000070a200000, 0x000000070a400000|  0%| F|  |TAMS 0x000000070a200000| PB 0x000000070a200000| Untracked |  0
|  75|0x000000070a400000, 0x000000070a400000, 0x000000070a600000|  0%| F|  |TAMS 0x000000070a400000| PB 0x000000070a400000| Untracked |  0
|  76|0x000000070a600000, 0x000000070a600000, 0x000000070a800000|  0%| F|  |TAMS 0x000000070a600000| PB 0x000000070a600000| Untracked |  0
|  77|0x000000070a800000, 0x000000070a800000, 0x000000070aa00000|  0%| F|  |TAMS 0x000000070a800000| PB 0x000000070a800000| Untracked |  0
|  78|0x000000070aa00000, 0x000000070aa00000, 0x000000070ac00000|  0%| F|  |TAMS 0x000000070aa00000| PB 0x000000070aa00000| Untracked |  0
|  79|0x000000070ac00000, 0x000000070ac00000, 0x000000070ae00000|  0%| F|  |TAMS 0x000000070ac00000| PB 0x000000070ac00000| Untracked |  0
|  80|0x000000070ae00000, 0x000000070ae00000, 0x000000070b000000|  0%| F|  |TAMS 0x000000070ae00000| PB 0x000000070ae00000| Untracked |  0
|  81|0x000000070b000000, 0x000000070b000000, 0x000000070b200000|  0%| F|  |TAMS 0x000000070b000000| PB 0x000000070b000000| Untracked |  0
|  82|0x000000070b200000, 0x000000070b200000, 0x000000070b400000|  0%| F|  |TAMS 0x000000070b200000| PB 0x000000070b200000| Untracked |  0
|  83|0x000000070b400000, 0x000000070b400000, 0x000000070b600000|  0%| F|  |TAMS 0x000000070b400000| PB 0x000000070b400000| Untracked |  0
|  84|0x000000070b600000, 0x000000070b600000, 0x000000070b800000|  0%| F|  |TAMS 0x000000070b600000| PB 0x000000070b600000| Untracked |  0
|  85|0x000000070b800000, 0x000000070b800000, 0x000000070ba00000|  0%| F|  |TAMS 0x000000070b800000| PB 0x000000070b800000| Untracked |  0
|  86|0x000000070ba00000, 0x000000070ba00000, 0x000000070bc00000|  0%| F|  |TAMS 0x000000070ba00000| PB 0x000000070ba00000| Untracked |  0
|  87|0x000000070bc00000, 0x000000070bc00000, 0x000000070be00000|  0%| F|  |TAMS 0x000000070bc00000| PB 0x000000070bc00000| Untracked |  0
|  88|0x000000070be00000, 0x000000070be00000, 0x000000070c000000|  0%| F|  |TAMS 0x000000070be00000| PB 0x000000070be00000| Untracked |  0
|  89|0x000000070c000000, 0x000000070c000000, 0x000000070c200000|  0%| F|  |TAMS 0x000000070c000000| PB 0x000000070c000000| Untracked |  0
|  90|0x000000070c200000, 0x000000070c200000, 0x000000070c400000|  0%| F|  |TAMS 0x000000070c200000| PB 0x000000070c200000| Untracked |  0
|  91|0x000000070c400000, 0x000000070c400000, 0x000000070c600000|  0%| F|  |TAMS 0x000000070c400000| PB 0x000000070c400000| Untracked |  0
|  92|0x000000070c600000, 0x000000070c600000, 0x000000070c800000|  0%| F|  |TAMS 0x000000070c600000| PB 0x000000070c600000| Untracked |  0
|  93|0x000000070c800000, 0x000000070c800000, 0x000000070ca00000|  0%| F|  |TAMS 0x000000070c800000| PB 0x000000070c800000| Untracked |  0
|  94|0x000000070ca00000, 0x000000070ca00000, 0x000000070cc00000|  0%| F|  |TAMS 0x000000070ca00000| PB 0x000000070ca00000| Untracked |  0
|  95|0x000000070cc00000, 0x000000070cc00000, 0x000000070ce00000|  0%| F|  |TAMS 0x000000070cc00000| PB 0x000000070cc00000| Untracked |  0
|  96|0x000000070ce00000, 0x000000070ce00000, 0x000000070d000000|  0%| F|  |TAMS 0x000000070ce00000| PB 0x000000070ce00000| Untracked |  0
|  97|0x000000070d000000, 0x000000070d000000, 0x000000070d200000|  0%| F|  |TAMS 0x000000070d000000| PB 0x000000070d000000| Untracked |  0
|  98|0x000000070d200000, 0x000000070d200000, 0x000000070d400000|  0%| F|  |TAMS 0x000000070d200000| PB 0x000000070d200000| Untracked |  0
|  99|0x000000070d400000, 0x000000070d400000, 0x000000070d600000|  0%| F|  |TAMS 0x000000070d400000| PB 0x000000070d400000| Untracked |  0
| 100|0x000000070d600000, 0x000000070d600000, 0x000000070d800000|  0%| F|  |TAMS 0x000000070d600000| PB 0x000000070d600000| Untracked |  0
| 101|0x000000070d800000, 0x000000070da00000, 0x000000070da00000|100%| S|CS|TAMS 0x000000070d800000| PB 0x000000070d800000| Complete |  0
| 102|0x000000070da00000, 0x000000070dc00000, 0x000000070dc00000|100%| S|CS|TAMS 0x000000070da00000| PB 0x000000070da00000| Complete |  0
| 103|0x000000070dc00000, 0x000000070de00000, 0x000000070de00000|100%| S|CS|TAMS 0x000000070dc00000| PB 0x000000070dc00000| Complete |  0
| 104|0x000000070de00000, 0x000000070de00000, 0x000000070e000000|  0%| F|  |TAMS 0x000000070de00000| PB 0x000000070de00000| Untracked |  0
| 105|0x000000070e000000, 0x000000070e000000, 0x000000070e200000|  0%| F|  |TAMS 0x000000070e000000| PB 0x000000070e000000| Untracked |  0
| 106|0x000000070e200000, 0x000000070e200000, 0x000000070e400000|  0%| F|  |TAMS 0x000000070e200000| PB 0x000000070e200000| Untracked |  0
| 107|0x000000070e400000, 0x000000070e400000, 0x000000070e600000|  0%| F|  |TAMS 0x000000070e400000| PB 0x000000070e400000| Untracked |  0
| 108|0x000000070e600000, 0x000000070e600000, 0x000000070e800000|  0%| F|  |TAMS 0x000000070e600000| PB 0x000000070e600000| Untracked |  0
| 109|0x000000070e800000, 0x000000070e800000, 0x000000070ea00000|  0%| F|  |TAMS 0x000000070e800000| PB 0x000000070e800000| Untracked |  0
| 110|0x000000070ea00000, 0x000000070ebd72c0, 0x000000070ec00000| 92%| E|  |TAMS 0x000000070ea00000| PB 0x000000070ea00000| Complete |  0
| 111|0x000000070ec00000, 0x000000070ee00000, 0x000000070ee00000|100%| E|CS|TAMS 0x000000070ec00000| PB 0x000000070ec00000| Complete |  0
| 112|0x000000070ee00000, 0x000000070f000000, 0x000000070f000000|100%| E|CS|TAMS 0x000000070ee00000| PB 0x000000070ee00000| Complete |  0
| 113|0x000000070f000000, 0x000000070f200000, 0x000000070f200000|100%| E|CS|TAMS 0x000000070f000000| PB 0x000000070f000000| Complete |  0
| 114|0x000000070f200000, 0x000000070f400000, 0x000000070f400000|100%| E|CS|TAMS 0x000000070f200000| PB 0x000000070f200000| Complete |  0
| 115|0x000000070f400000, 0x000000070f600000, 0x000000070f600000|100%| E|CS|TAMS 0x000000070f400000| PB 0x000000070f400000| Complete |  0
| 116|0x000000070f600000, 0x000000070f800000, 0x000000070f800000|100%| E|CS|TAMS 0x000000070f600000| PB 0x000000070f600000| Complete |  0
| 117|0x000000070f800000, 0x000000070fa00000, 0x000000070fa00000|100%| E|CS|TAMS 0x000000070f800000| PB 0x000000070f800000| Complete |  0
| 118|0x000000070fa00000, 0x000000070fc00000, 0x000000070fc00000|100%| E|CS|TAMS 0x000000070fa00000| PB 0x000000070fa00000| Complete |  0
| 119|0x000000070fc00000, 0x000000070fe00000, 0x000000070fe00000|100%| E|CS|TAMS 0x000000070fc00000| PB 0x000000070fc00000| Complete |  0
| 120|0x000000070fe00000, 0x0000000710000000, 0x0000000710000000|100%| E|CS|TAMS 0x000000070fe00000| PB 0x000000070fe00000| Complete |  0
| 121|0x0000000710000000, 0x0000000710200000, 0x0000000710200000|100%| E|CS|TAMS 0x0000000710000000| PB 0x0000000710000000| Complete |  0
| 122|0x0000000710200000, 0x0000000710400000, 0x0000000710400000|100%| E|CS|TAMS 0x0000000710200000| PB 0x0000000710200000| Complete |  0
| 123|0x0000000710400000, 0x0000000710600000, 0x0000000710600000|100%| E|CS|TAMS 0x0000000710400000| PB 0x0000000710400000| Complete |  0
| 124|0x0000000710600000, 0x0000000710800000, 0x0000000710800000|100%| E|CS|TAMS 0x0000000710600000| PB 0x0000000710600000| Complete |  0
| 125|0x0000000710800000, 0x0000000710a00000, 0x0000000710a00000|100%| E|CS|TAMS 0x0000000710800000| PB 0x0000000710800000| Complete |  0
| 126|0x0000000710a00000, 0x0000000710c00000, 0x0000000710c00000|100%| E|CS|TAMS 0x0000000710a00000| PB 0x0000000710a00000| Complete |  0
| 127|0x0000000710c00000, 0x0000000710e00000, 0x0000000710e00000|100%| E|CS|TAMS 0x0000000710c00000| PB 0x0000000710c00000| Complete |  0
|2040|0x00000007ffe00000, 0x00000007fff1d1c0, 0x0000000800000000| 55%| O|  |TAMS 0x00000007ffe00000| PB 0x00000007ffe00000| Untracked |  0

Card table byte_map: [0x000001f64f440000,0x000001f64fc40000] _byte_map_base: 0x000001f64bc39000

Marking Bits: (CMBitMap*) 0x000001f636d9f0f0
 Bits: [0x000001f64fc40000, 0x000001f653c08000)

Polling page: 0x000001f634a90000

Metaspace:

Usage:
  Non-class:     17.63 MB used.
      Class:      1.92 MB used.
       Both:     19.55 MB used.

Virtual space:
  Non-class space:       64.00 MB reserved,      17.81 MB ( 28%) committed,  1 nodes.
      Class space:        1.00 GB reserved,       2.06 MB ( <1%) committed,  1 nodes.
             Both:        1.06 GB reserved,      19.88 MB (  2%) committed. 

Chunk freelists:
   Non-Class:  14.22 MB
       Class:  13.89 MB
        Both:  28.11 MB

MaxMetaspaceSize: unlimited
CompressedClassSpaceSize: 1.00 GB
Initial GC threshold: 21.00 MB
Current GC threshold: 21.00 MB
CDS: on
 - commit_granule_bytes: 65536.
 - commit_granule_words: 8192.
 - virtual_space_node_default_size: 8388608.
 - enlarge_chunks_in_place: 1.
UseCompressedClassPointers 1, UseCompactObjectHeaders 0
Narrow klass pointer bits 32, Max shift 3
Narrow klass base: 0x000001f657000000, Narrow klass shift: 0
Encoding Range: [0x000001f657000000 - 0x000001f757000000), (4294967296 bytes)
Klass Range:    [0x000001f657000000 - 0x000001f698000000), (1090519040 bytes)
Klass ID Range:  [8 - 1090519033) (1090519025)


Internal statistics:

num_allocs_failed_limit: 0.
num_arena_births: 238.
num_arena_deaths: 0.
num_vsnodes_births: 2.
num_vsnodes_deaths: 0.
num_space_committed: 318.
num_space_uncommitted: 0.
num_chunks_returned_to_freelist: 0.
num_chunks_taken_from_freelist: 865.
num_chunk_merges: 0.
num_chunk_splits: 581.
num_chunks_enlarged: 451.
num_inconsistent_stats: 0.

CodeHeap 'non-profiled nmethods': size=120064Kb used=997Kb max_used=997Kb free=119066Kb
 bounds [0x000001f6470a0000, 0x000001f647310000, 0x000001f64e5e0000]
CodeHeap 'profiled nmethods': size=120000Kb used=4719Kb max_used=4719Kb free=115280Kb
 bounds [0x000001f63f5e0000, 0x000001f63fa80000, 0x000001f646b10000]
CodeHeap 'non-nmethods': size=5696Kb used=1357Kb max_used=1422Kb free=4338Kb
 bounds [0x000001f646b10000, 0x000001f646d80000, 0x000001f6470a0000]
CodeCache: size=245760Kb, used=7073Kb, max_used=7138Kb, free=238684Kb
 total_blobs=3391, nmethods=2863, adapters=433, full_count=0
Compilation: enabled, stopped_count=0, restarted_count=0

Compilation events (20 events):
Event: 1.422 Thread 0x000001f65690e5e0 nmethod 2573 0x000001f64717a308 code [0x000001f64717a400, 0x000001f64717a4c8]
Event: 1.422 Thread 0x000001f65690e5e0 2575       3       java.lang.Integer::compare (20 bytes)
Event: 1.422 Thread 0x000001f65690e5e0 nmethod 2575 0x000001f63f9f1e08 code [0x000001f63f9f1f20, 0x000001f63f9f20e0]
Event: 1.422 Thread 0x000001f65690e5e0 2576       3       java.util.Properties::containsKey (9 bytes)
Event: 1.422 Thread 0x000001f65690e5e0 nmethod 2576 0x000001f63f9f2108 code [0x000001f63f9f2240, 0x000001f63f9f2438]
Event: 1.422 Thread 0x000001f65690e5e0 2577       3       org.springframework.boot.autoconfigure.AutoConfigurationSorter$AutoConfigurationClass::wasProcessed (29 bytes)
Event: 1.423 Thread 0x000001f65690e5e0 nmethod 2577 0x000001f63f9f2488 code [0x000001f63f9f25e0, 0x000001f63f9f2a08]
Event: 1.423 Thread 0x000001f65690e5e0 2578       3       org.springframework.boot.autoconfigure.AutoConfigurationMetadataLoader$PropertiesAutoConfigurationMetadata::wasProcessed (9 bytes)
Event: 1.423 Thread 0x000001f65690e5e0 nmethod 2578 0x000001f63f9f2a88 code [0x000001f63f9f2bc0, 0x000001f63f9f2eb0]
Event: 1.424 Thread 0x000001f65690e5e0 2579       3       org.springframework.boot.autoconfigure.AutoConfigurationSorter$AutoConfigurationClass::getBefore (24 bytes)
Event: 1.424 Thread 0x000001f65690e5e0 nmethod 2579 0x000001f63f9f2f08 code [0x000001f63f9f3020, 0x000001f63f9f3220]
Event: 1.424 Thread 0x000001f65690e5e0 2580       3       org.springframework.boot.autoconfigure.AutoConfigurationSorter$AutoConfigurationClasses$$Lambda/0x000001f65820eb90::accept (20 bytes)
Event: 1.425 Thread 0x000001f65690e5e0 nmethod 2580 0x000001f63f9f3288 code [0x000001f63f9f3400, 0x000001f63f9f3a98]
Event: 1.425 Thread 0x000001f65690e5e0 2581       3       org.springframework.boot.autoconfigure.AutoConfigurationSorter$AutoConfigurationClasses::lambda$getClassesRequestedAfter$0 (22 bytes)
Event: 1.425 Thread 0x000001f65690e5e0 nmethod 2581 0x000001f63f9f3b08 code [0x000001f63f9f3c60, 0x000001f63f9f4088]
Event: 1.425 Thread 0x000001f65690e5e0 2582       3       java.util.LinkedHashSet::<init> (28 bytes)
Event: 1.426 Thread 0x000001f65690e5e0 nmethod 2582 0x000001f63f9f4108 code [0x000001f63f9f42a0, 0x000001f63f9f4740]
Event: 1.426 Thread 0x000001f65690e5e0 2583       3       java.util.LinkedHashMap::forEach (65 bytes)
Event: 1.426 Thread 0x000001f65690e5e0 nmethod 2583 0x000001f63f9f4788 code [0x000001f63f9f48e0, 0x000001f63f9f4da0]
Event: 1.426 Thread 0x000001f65690e5e0 2584       3       java.util.HashSet::size (8 bytes)

GC Heap History (2 events):
Event: 1.056 GC heap before
{Heap before GC invocations=0 (full 0):
 garbage-first heap   total reserved 4179968K, committed 264192K, used 48244K [0x0000000700e00000, 0x0000000800000000)
  region size 2048K, 24 young (49152K), 0 survivors (0K)
 Metaspace       used 11551K, committed 11840K, reserved 1114112K
  class space    used 1191K, committed 1344K, reserved 1048576K
}
Event: 1.062 GC heap after
{Heap after GC invocations=1 (full 0):
 garbage-first heap   total reserved 4179968K, committed 264192K, used 10950K [0x0000000700e00000, 0x0000000800000000)
  region size 2048K, 3 young (6144K), 3 survivors (6144K)
 Metaspace       used 11551K, committed 11840K, reserved 1114112K
  class space    used 1191K, committed 1344K, reserved 1048576K
}

Dll operation events (12 events):
Event: 0.009 Loaded shared library C:\Program Files\Java\jdk-24\bin\java.dll
Event: 0.041 Loaded shared library C:\Program Files\Java\jdk-24\bin\jsvml.dll
Event: 0.135 Loaded shared library C:\Program Files\Java\jdk-24\bin\zip.dll
Event: 0.137 Loaded shared library C:\Program Files\Java\jdk-24\bin\instrument.dll
Event: 0.142 Loaded shared library C:\Program Files\Java\jdk-24\bin\net.dll
Event: 0.143 Loaded shared library C:\Program Files\Java\jdk-24\bin\nio.dll
Event: 0.146 Loaded shared library C:\Program Files\Java\jdk-24\bin\zip.dll
Event: 0.234 Loaded shared library C:\Program Files\Java\jdk-24\bin\extnet.dll
Event: 0.260 Loaded shared library C:\Program Files\Java\jdk-24\bin\jimage.dll
Event: 0.489 Loaded shared library C:\Program Files\Java\jdk-24\bin\management.dll
Event: 0.491 Loaded shared library C:\Program Files\Java\jdk-24\bin\management_ext.dll
Event: 1.381 Loaded shared library C:\Program Files\Java\jdk-24\bin\sunmscapi.dll

Deoptimization events (20 events):
Event: 1.416 Thread 0x000001f69c2498d0 DEOPT PACKING pc=0x000001f63f784b66 sp=0x000000c3643fe770
Event: 1.416 Thread 0x000001f69c2498d0 DEOPT UNPACKING pc=0x000001f646b65722 sp=0x000000c3643fdc58 mode 0
Event: 1.416 Thread 0x000001f69c2498d0 DEOPT PACKING pc=0x000001f63f7a479d sp=0x000000c3643fe760
Event: 1.416 Thread 0x000001f69c2498d0 DEOPT UNPACKING pc=0x000001f646b65722 sp=0x000000c3643fdc50 mode 0
Event: 1.416 Thread 0x000001f69c2498d0 DEOPT PACKING pc=0x000001f63f784b66 sp=0x000000c3643fe770
Event: 1.416 Thread 0x000001f69c2498d0 DEOPT UNPACKING pc=0x000001f646b65722 sp=0x000000c3643fdc58 mode 0
Event: 1.417 Thread 0x000001f69c2498d0 DEOPT PACKING pc=0x000001f63f7a479d sp=0x000000c3643fe760
Event: 1.417 Thread 0x000001f69c2498d0 DEOPT UNPACKING pc=0x000001f646b65722 sp=0x000000c3643fdc50 mode 0
Event: 1.417 Thread 0x000001f69c2498d0 DEOPT PACKING pc=0x000001f63f784b66 sp=0x000000c3643fe770
Event: 1.417 Thread 0x000001f69c2498d0 DEOPT UNPACKING pc=0x000001f646b65722 sp=0x000000c3643fdc58 mode 0
Event: 1.417 Thread 0x000001f69c2498d0 DEOPT PACKING pc=0x000001f63f7a479d sp=0x000000c3643fe760
Event: 1.417 Thread 0x000001f69c2498d0 DEOPT UNPACKING pc=0x000001f646b65722 sp=0x000000c3643fdc50 mode 0
Event: 1.417 Thread 0x000001f69c2498d0 DEOPT PACKING pc=0x000001f63f784b66 sp=0x000000c3643fe770
Event: 1.417 Thread 0x000001f69c2498d0 DEOPT UNPACKING pc=0x000001f646b65722 sp=0x000000c3643fdc58 mode 0
Event: 1.417 Thread 0x000001f69c2498d0 DEOPT PACKING pc=0x000001f63f7a479d sp=0x000000c3643fe760
Event: 1.417 Thread 0x000001f69c2498d0 DEOPT UNPACKING pc=0x000001f646b65722 sp=0x000000c3643fdc50 mode 0
Event: 1.417 Thread 0x000001f69c2498d0 DEOPT PACKING pc=0x000001f63f784b66 sp=0x000000c3643fe770
Event: 1.417 Thread 0x000001f69c2498d0 DEOPT UNPACKING pc=0x000001f646b65722 sp=0x000000c3643fdc58 mode 0
Event: 1.417 Thread 0x000001f69c2498d0 DEOPT PACKING pc=0x000001f63f7a479d sp=0x000000c3643fe760
Event: 1.417 Thread 0x000001f69c2498d0 DEOPT UNPACKING pc=0x000001f646b65722 sp=0x000000c3643fdc50 mode 0

Classes loaded (20 events):
Event: 1.381 Loading class java/security/ProviderException
Event: 1.381 Loading class java/security/ProviderException done
Event: 1.386 Loading class java/security/AuthProvider
Event: 1.386 Loading class java/security/AuthProvider done
Event: 1.387 Loading class javax/security/auth/login/FailedLoginException
Event: 1.387 Loading class javax/security/auth/login/FailedLoginException done
Event: 1.387 Loading class javax/security/auth/callback/CallbackHandler
Event: 1.387 Loading class javax/security/auth/callback/CallbackHandler done
Event: 1.387 Loading class javax/security/auth/Subject
Event: 1.387 Loading class javax/security/auth/Subject done
Event: 1.389 Loading class sun/security/provider/certpath/ldap/JdkLDAP
Event: 1.389 Loading class sun/security/provider/certpath/ldap/JdkLDAP done
Event: 1.389 Loading class sun/security/provider/certpath/ldap/JdkLDAP$ProviderService
Event: 1.389 Loading class sun/security/provider/certpath/ldap/JdkLDAP$ProviderService done
Event: 1.389 Loading class com/sun/security/sasl/Provider
Event: 1.390 Loading class com/sun/security/sasl/Provider done
Event: 1.390 Loading class com/sun/security/sasl/Provider$ProviderService
Event: 1.390 Loading class com/sun/security/sasl/Provider$ProviderService done
Event: 1.423 Loading class java/lang/invoke/TypeConvertingMethodAdapter$BoxHolder
Event: 1.423 Loading class java/lang/invoke/TypeConvertingMethodAdapter$BoxHolder done

Classes unloaded (0 events):
No events

Classes redefined (0 events):
No events

Internal exceptions (20 events):
Event: 0.880 Thread 0x000001f69c2498d0 Exception <a 'java/lang/NoSuchMethodError'{0x000000070e8efab8}: 'void java.lang.invoke.DirectMethodHandle$Holder.invokeStatic(java.lang.Object, java.lang.Object, int)'> (0x000000070e8efab8) 
thrown [s\open\src\hotspot\share\interpreter\linkResolver.cpp, line 805]
Event: 0.900 Thread 0x000001f69c2498d0 Exception <a 'java/lang/NoSuchMethodError'{0x000000070e990eb0}: 'void java.lang.invoke.DirectMethodHandle$Holder.invokeStaticInit(java.lang.Object, java.lang.Object, java.lang.Object)'> (0x000000070e990eb0) 
thrown [s\open\src\hotspot\share\interpreter\linkResolver.cpp, line 805]
Event: 0.926 Thread 0x000001f69c2498d0 Exception <a 'java/lang/NoSuchMethodError'{0x000000070e67c738}: 'void java.lang.invoke.DirectMethodHandle$Holder.invokeVirtual(java.lang.Object, java.lang.Object, java.lang.Object, java.lang.Object)'> (0x000000070e67c738) 
thrown [s\open\src\hotspot\share\interpreter\linkResolver.cpp, line 805]
Event: 0.986 Thread 0x000001f69c249180 Exception <a 'java/lang/NoClassDefFoundError'{0x000000070e30a7b8}: jakarta/validation/Validation> (0x000000070e30a7b8) 
thrown [s\open\src\hotspot\share\classfile\systemDictionary.cpp, line 316]
Event: 0.996 Thread 0x000001f69c2498d0 Exception <a 'java/lang/IncompatibleClassChangeError'{0x000000070e2be198}: Found class java.lang.Object, but interface was expected> (0x000000070e2be198) 
thrown [s\open\src\hotspot\share\interpreter\linkResolver.cpp, line 872]
Event: 0.999 Thread 0x000001f69c2498d0 Exception <a 'java/lang/NoSuchMethodError'{0x000000070e2d5d50}: 'int java.lang.invoke.DirectMethodHandle$Holder.invokeVirtual(java.lang.Object, java.lang.Object)'> (0x000000070e2d5d50) 
thrown [s\open\src\hotspot\share\interpreter\linkResolver.cpp, line 805]
Event: 1.138 Thread 0x000001f69c2498d0 Implicit null exception at 0x000001f6470b619d to 0x000001f6470b6219
Event: 1.189 Thread 0x000001f69c2498d0 Implicit null exception at 0x000001f647156c46 to 0x000001f647156cf5
Event: 1.243 Thread 0x000001f69c2498d0 Exception <a 'java/lang/NoSuchMethodError'{0x000000070fd0fa90}: 'java.lang.Object java.lang.invoke.DirectMethodHandle$Holder.invokeVirtual(java.lang.Object, java.lang.Object, java.lang.Object)'> (0x000000070fd0fa90) 
thrown [s\open\src\hotspot\share\interpreter\linkResolver.cpp, line 805]
Event: 1.250 Thread 0x000001f69c2498d0 Exception <a 'java/lang/NoSuchMethodError'{0x000000070fa37d68}: 'int java.lang.invoke.DirectMethodHandle$Holder.invokeSpecial(java.lang.Object, java.lang.Object, java.lang.Object, java.lang.Object, java.lang.Object)'> (0x000000070fa37d68) 
thrown [s\open\src\hotspot\share\interpreter\linkResolver.cpp, line 805]
Event: 1.252 Thread 0x000001f69c2498d0 Exception <a 'java/lang/NoSuchMethodError'{0x000000070fa49ab0}: 'void java.lang.invoke.DirectMethodHandle$Holder.invokeVirtual(java.lang.Object, java.lang.Object)'> (0x000000070fa49ab0) 
thrown [s\open\src\hotspot\share\interpreter\linkResolver.cpp, line 805]
Event: 1.274 Thread 0x000001f69c249180 Exception <a 'java/lang/NoSuchMethodError'{0x000000070f86a1e0}: 'long java.lang.invoke.DirectMethodHandle$Holder.invokeSpecial(java.lang.Object, java.lang.Object)'> (0x000000070f86a1e0) 
thrown [s\open\src\hotspot\share\interpreter\linkResolver.cpp, line 805]
Event: 1.275 Thread 0x000001f69c249180 Exception <a 'java/lang/NoSuchMethodError'{0x000000070f927f48}: 'long java.lang.invoke.DirectMethodHandle$Holder.invokeStatic(java.lang.Object, java.lang.Object)'> (0x000000070f927f48) 
thrown [s\open\src\hotspot\share\interpreter\linkResolver.cpp, line 805]
Event: 1.276 Thread 0x000001f69c249180 Exception <a 'java/lang/NoSuchMethodError'{0x000000070f92fcb8}: 'long java.lang.invoke.DirectMethodHandle$Holder.invokeStaticInit(java.lang.Object, java.lang.Object)'> (0x000000070f92fcb8) 
thrown [s\open\src\hotspot\share\interpreter\linkResolver.cpp, line 805]
Event: 1.277 Thread 0x000001f69c249180 Exception <a 'java/lang/NoSuchMethodError'{0x000000070f955400}: 'long java.lang.invoke.DirectMethodHandle$Holder.invokeInterface(java.lang.Object, java.lang.Object)'> (0x000000070f955400) 
thrown [s\open\src\hotspot\share\interpreter\linkResolver.cpp, line 805]
Event: 1.278 Thread 0x000001f69c249180 Exception <a 'java/lang/IncompatibleClassChangeError'{0x000000070f95d080}: Found class java.lang.Object, but interface was expected> (0x000000070f95d080) 
thrown [s\open\src\hotspot\share\interpreter\linkResolver.cpp, line 872]
Event: 1.282 Thread 0x000001f69c249180 Exception <a 'java/lang/NoSuchMethodError'{0x000000070f9795f0}: 'java.lang.Object java.lang.invoke.DirectMethodHandle$Holder.invokeVirtual(java.lang.Object, java.lang.Object, java.lang.Object, java.lang.Object)'> (0x000000070f9795f0) 
thrown [s\open\src\hotspot\share\interpreter\linkResolver.cpp, line 805]
Event: 1.298 Thread 0x000001f69c249180 Exception <a 'java/lang/NoSuchMethodError'{0x000000070f6ae150}: 'java.lang.Object java.lang.invoke.DirectMethodHandle$Holder.newInvokeSpecial(java.lang.Object, java.lang.Object, java.lang.Object, int)'> (0x000000070f6ae150) 
thrown [s\open\src\hotspot\share\interpreter\linkResolver.cpp, line 805]
Event: 1.299 Thread 0x000001f69c249180 Exception <a 'java/lang/NoSuchMethodError'{0x000000070f6b6c30}: 'java.lang.Object java.lang.invoke.Invokers$Holder.linkToTargetMethod(java.lang.Object, java.lang.Object, int, java.lang.Object)'> (0x000000070f6b6c30) 
thrown [s\open\src\hotspot\share\interpreter\linkResolver.cpp, line 805]
Event: 1.411 Thread 0x000001f69c2498d0 Exception <a 'java/lang/IncompatibleClassChangeError'{0x000000070f1463b8}: Found class java.lang.Object, but interface was expected> (0x000000070f1463b8) 
thrown [s\open\src\hotspot\share\interpreter\linkResolver.cpp, line 872]

VM Operations (20 events):
Event: 1.147 Executing VM operation: HandshakeAllThreads (Deoptimize)
Event: 1.147 Executing VM operation: HandshakeAllThreads (Deoptimize) done
Event: 1.190 Executing VM operation: HandshakeAllThreads (Deoptimize)
Event: 1.190 Executing VM operation: HandshakeAllThreads (Deoptimize) done
Event: 1.220 Executing VM operation: HandshakeAllThreads (Deoptimize)
Event: 1.220 Executing VM operation: HandshakeAllThreads (Deoptimize) done
Event: 1.231 Executing VM operation: HandshakeAllThreads (Deoptimize)
Event: 1.231 Executing VM operation: HandshakeAllThreads (Deoptimize) done
Event: 1.302 Executing VM operation: HandshakeAllThreads (Deoptimize)
Event: 1.302 Executing VM operation: HandshakeAllThreads (Deoptimize) done
Event: 1.302 Executing VM operation: HandshakeAllThreads (Deoptimize)
Event: 1.302 Executing VM operation: HandshakeAllThreads (Deoptimize) done
Event: 1.324 Executing VM operation: HandshakeAllThreads (Deoptimize)
Event: 1.324 Executing VM operation: HandshakeAllThreads (Deoptimize) done
Event: 1.329 Executing VM operation: HandshakeAllThreads (Deoptimize)
Event: 1.329 Executing VM operation: HandshakeAllThreads (Deoptimize) done
Event: 1.362 Executing VM operation: HandshakeAllThreads (Deoptimize)
Event: 1.362 Executing VM operation: HandshakeAllThreads (Deoptimize) done
Event: 1.419 Executing VM operation: HandshakeAllThreads (Deoptimize)
Event: 1.419 Executing VM operation: HandshakeAllThreads (Deoptimize) done

Memory protections (0 events):
No events

Nmethod flushes (0 events):
No events

Events (20 events):
Event: 0.026 Thread 0x000001f636d31f10 Thread added: 0x000001f636d31f10
Event: 0.038 Thread 0x000001f636d31f10 Thread added: 0x000001f6568fb080
Event: 0.038 Thread 0x000001f636d31f10 Thread added: 0x000001f6568fbb80
Event: 0.038 Thread 0x000001f636d31f10 Thread added: 0x000001f6568feb50
Event: 0.038 Thread 0x000001f636d31f10 Thread added: 0x000001f656901690
Event: 0.039 Thread 0x000001f636d31f10 Thread added: 0x000001f6569027d0
Event: 0.039 Thread 0x000001f636d31f10 Thread added: 0x000001f6569067c0
Event: 0.039 Thread 0x000001f636d31f10 Thread added: 0x000001f656909a40
Event: 0.039 Thread 0x000001f636d31f10 Thread added: 0x000001f65690e5e0
Event: 0.140 Thread 0x000001f636d31f10 Thread added: 0x000001f656b0d1b0
Event: 0.166 Thread 0x000001f656909a40 Thread added: 0x000001f656bfe9d0
Event: 0.166 Thread 0x000001f656909a40 Thread added: 0x000001f656bf1ed0
Event: 0.223 Thread 0x000001f636d31f10 Thread added: 0x000001f69c1c93d0
Event: 0.223 Thread 0x000001f636d31f10 Thread added: 0x000001f656c5ff30
Event: 0.542 Thread 0x000001f636d31f10 Thread added: 0x000001f69c248a30
Event: 0.547 Thread 0x000001f69c248a30 Thread added: 0x000001f69c2498d0
Event: 0.984 Thread 0x000001f69c2498d0 Thread added: 0x000001f69c249180
Event: 1.327 Thread 0x000001f69c2498d0 Thread added: 0x000001f69c24a770
Event: 1.392 Thread 0x000001f69c249180 Thread exited: 0x000001f69c249180
Event: 1.393 Thread 0x000001f69c24a770 Thread exited: 0x000001f69c24a770


Dynamic libraries:
0x00007ff60b0d0000 - 0x00007ff60b0e0000 	C:\Program Files\Java\jdk-24\bin\java.exe
0x00007ff82a0b0000 - 0x00007ff82a2a8000 	C:\Windows\SYSTEM32\ntdll.dll
0x00007ff829ae0000 - 0x00007ff829b9d000 	C:\Windows\System32\KERNEL32.DLL
0x00007ff827bc0000 - 0x00007ff827eb6000 	C:\Windows\System32\KERNELBASE.dll
0x00007ff827ec0000 - 0x00007ff827fc0000 	C:\Windows\System32\ucrtbase.dll
0x00007ff81e530000 - 0x00007ff81e546000 	C:\Program Files\Java\jdk-24\bin\jli.dll
0x00007ff81e370000 - 0x00007ff81e38b000 	C:\Program Files\Java\jdk-24\bin\VCRUNTIME140.dll
0x00007ff828ec0000 - 0x00007ff82905e000 	C:\Windows\System32\USER32.dll
0x00007ff827840000 - 0x00007ff827862000 	C:\Windows\System32\win32u.dll
0x00007ff817420000 - 0x00007ff8176ba000 	C:\Windows\WinSxS\amd64_microsoft.windows.common-controls_6595b64144ccf1df_6.0.19041.3636_none_60b6a03d71f818d5\COMCTL32.dll
0x00007ff829100000 - 0x00007ff82912c000 	C:\Windows\System32\GDI32.dll
0x00007ff829060000 - 0x00007ff8290fe000 	C:\Windows\System32\msvcrt.dll
0x00007ff827fc0000 - 0x00007ff8280da000 	C:\Windows\System32\gdi32full.dll
0x00007ff827b20000 - 0x00007ff827bbd000 	C:\Windows\System32\msvcp_win.dll
0x00007ff828110000 - 0x00007ff828140000 	C:\Windows\System32\IMM32.DLL
0x00007ff81e880000 - 0x00007ff81e88c000 	C:\Program Files\Java\jdk-24\bin\vcruntime140_1.dll
0x00007ff81be50000 - 0x00007ff81bede000 	C:\Program Files\Java\jdk-24\bin\msvcp140.dll
0x00007fffc4080000 - 0x00007fffc4e22000 	C:\Program Files\Java\jdk-24\bin\server\jvm.dll
0x00007ff828bb0000 - 0x00007ff828c5f000 	C:\Windows\System32\ADVAPI32.dll
0x00007ff828c60000 - 0x00007ff828cfc000 	C:\Windows\System32\sechost.dll
0x00007ff8299b0000 - 0x00007ff829ad6000 	C:\Windows\System32\RPCRT4.dll
0x00007ff828dc0000 - 0x00007ff828e2b000 	C:\Windows\System32\WS2_32.dll
0x00007ff819840000 - 0x00007ff819867000 	C:\Windows\SYSTEM32\WINMM.dll
0x00007ff821500000 - 0x00007ff82150a000 	C:\Windows\SYSTEM32\VERSION.dll
0x00007ff826d40000 - 0x00007ff826d8b000 	C:\Windows\SYSTEM32\POWRPROF.dll
0x00007ff826bb0000 - 0x00007ff826bc2000 	C:\Windows\SYSTEM32\UMPDC.dll
0x00007ff825670000 - 0x00007ff825682000 	C:\Windows\SYSTEM32\kernel.appcore.dll
0x00007ff81e520000 - 0x00007ff81e52a000 	C:\Program Files\Java\jdk-24\bin\jimage.dll
0x00007ff81ee20000 - 0x00007ff81f004000 	C:\Windows\SYSTEM32\DBGHELP.DLL
0x00007ff81ecf0000 - 0x00007ff81ed24000 	C:\Windows\SYSTEM32\dbgcore.DLL
0x00007ff827870000 - 0x00007ff8278f2000 	C:\Windows\System32\bcryptPrimitives.dll
0x00007ff81be40000 - 0x00007ff81be4f000 	C:\Program Files\Java\jdk-24\bin\instrument.dll
0x00007ff81be20000 - 0x00007ff81be3e000 	C:\Program Files\Java\jdk-24\bin\java.dll
0x00007ff8281c0000 - 0x00007ff8282eb000 	C:\Windows\System32\ole32.dll
0x00007ff828850000 - 0x00007ff828ba4000 	C:\Windows\System32\combase.dll
0x00007ff829200000 - 0x00007ff829945000 	C:\Windows\System32\SHELL32.dll
0x00007ff825870000 - 0x00007ff82600b000 	C:\Windows\SYSTEM32\windows.storage.dll
0x00007ff8271d0000 - 0x00007ff8271fd000 	C:\Windows\SYSTEM32\Wldp.dll
0x00007ff8284c0000 - 0x00007ff82856d000 	C:\Windows\System32\SHCORE.dll
0x00007ff828d60000 - 0x00007ff828db5000 	C:\Windows\System32\shlwapi.dll
0x00007ff8276c0000 - 0x00007ff8276e5000 	C:\Windows\SYSTEM32\profapi.dll
0x00007ff818b00000 - 0x00007ff818bd7000 	C:\Program Files\Java\jdk-24\bin\jsvml.dll
0x00007ff81bdd0000 - 0x00007ff81bde7000 	C:\Program Files\Java\jdk-24\bin\zip.dll
0x00007ff81be10000 - 0x00007ff81be20000 	C:\Program Files\Java\jdk-24\bin\net.dll
0x00007ff826f30000 - 0x00007ff826f9a000 	C:\Windows\system32\mswsock.dll
0x00007ff81bdf0000 - 0x00007ff81be06000 	C:\Program Files\Java\jdk-24\bin\nio.dll
0x00007ff81bdc0000 - 0x00007ff81bdc9000 	C:\Program Files\Java\jdk-24\bin\extnet.dll
0x00007ff81afe0000 - 0x00007ff81afea000 	C:\Program Files\Java\jdk-24\bin\management.dll
0x00007ff81afd0000 - 0x00007ff81afdb000 	C:\Program Files\Java\jdk-24\bin\management_ext.dll
0x00007ff8284a0000 - 0x00007ff8284a8000 	C:\Windows\System32\PSAPI.DLL
0x00007ff81bd70000 - 0x00007ff81bd7e000 	C:\Program Files\Java\jdk-24\bin\sunmscapi.dll
0x00007ff827900000 - 0x00007ff827a5d000 	C:\Windows\System32\CRYPT32.dll
0x00007ff827240000 - 0x00007ff827267000 	C:\Windows\SYSTEM32\ncrypt.dll
0x00007ff827200000 - 0x00007ff82723b000 	C:\Windows\SYSTEM32\NTASN1.dll

JVMTI agents:
C:\Program Files\JetBrains\IntelliJ IDEA Community Edition 2025.1.1.1\lib\idea_rt.jar path:C:\Program Files\Java\jdk-24\bin\instrument.dll, loaded, initialized, instrumentlib options:58037

dbghelp: loaded successfully - version: 4.0.5 - missing functions: none
symbol engine: initialized successfully - sym options: 0x614 - pdb path: .;C:\Program Files\Java\jdk-24\bin;C:\Windows\SYSTEM32;C:\Windows\WinSxS\amd64_microsoft.windows.common-controls_6595b64144ccf1df_6.0.19041.3636_none_60b6a03d71f818d5;C:\Program Files\Java\jdk-24\bin\server

VM Arguments:
jvm_args: -javaagent:C:\Program Files\JetBrains\IntelliJ IDEA Community Edition 2025.1.1.1\lib\idea_rt.jar=58037 -Dfile.encoding=UTF-8 -Dsun.stdout.encoding=UTF-8 -Dsun.stderr.encoding=UTF-8 
java_command: com.example.LiterAlura.LiterAluraApplication
java_class_path (initial): D:\Desktop\programación\LiterAlura\target\classes;C:\Users\Jorge\.m2\repository\org\springframework\boot\spring-boot-starter-data-jpa\3.5.0\spring-boot-starter-data-jpa-3.5.0.jar;C:\Users\Jorge\.m2\repository\org\springframework\boot\spring-boot-starter\3.5.0\spring-boot-starter-3.5.0.jar;C:\Users\Jorge\.m2\repository\org\springframework\boot\spring-boot-starter-logging\3.5.0\spring-boot-starter-logging-3.5.0.jar;C:\Users\Jorge\.m2\repository\ch\qos\logback\logback-classic\1.5.18\logback-classic-1.5.18.jar;C:\Users\Jorge\.m2\repository\ch\qos\logback\logback-core\1.5.18\logback-core-1.5.18.jar;C:\Users\Jorge\.m2\repository\org\apache\logging\log4j\log4j-to-slf4j\2.24.3\log4j-to-slf4j-2.24.3.jar;C:\Users\Jorge\.m2\repository\org\apache\logging\log4j\log4j-api\2.24.3\log4j-api-2.24.3.jar;C:\Users\Jorge\.m2\repository\org\slf4j\jul-to-slf4j\2.0.17\jul-to-slf4j-2.0.17.jar;C:\Users\Jorge\.m2\repository\jakarta\annotation\jakarta.annotation-api\2.1.1\jakarta.annotation-api-2.1.1.jar;C:\Users\Jorge\.m2\repository\org\yaml\snakeyaml\2.4\snakeyaml-2.4.jar;C:\Users\Jorge\.m2\repository\org\springframework\boot\spring-boot-starter-jdbc\3.5.0\spring-boot-starter-jdbc-3.5.0.jar;C:\Users\Jorge\.m2\repository\com\zaxxer\HikariCP\6.3.0\HikariCP-6.3.0.jar;C:\Users\Jorge\.m2\repository\org\springframework\spring-jdbc\6.2.7\spring-jdbc-6.2.7.jar;C:\Users\Jorge\.m2\repository\org\hibernate\orm\hibernate-core\6.6.15.Final\hibernate-core-6.6.15.Final.jar;C:\Users\Jorge\.m2\repository\jakarta\persistence\jakarta.persistence-api\3.1.0\jakarta.persistence-api-3.1.0.jar;C:\Users\Jorge\.m2\repository\jakarta\transaction\jakarta.transaction-api\2.0.1\jakarta.transaction-api-2.0.1.jar;C:\Users\Jorge\.m2\repository\org\jboss\logging\jboss-logging\3.6.1.Final\jboss-logging-3.6.1.Final.jar;C:\Users\Jorge\.m2\repository\org\hibernate\common\hibernate-commons-annotations\7.0.3.Final\hibernate-commons-annotations-7.0.3.Final.jar;C:\Users\Jorge\.m2\repository\io\smallrye\jandex\3.2.0\jandex-3.2.0.jar;C:\Users\Jorge\.m2\repository\com\fasterxml\classmate\1.7.0\classmate-1.7.0.jar;C:\Users\Jorge\.m2\repository\net\bytebuddy\byte-buddy\1.17.5\byte-buddy-1.17.5.jar;C:\Users\Jorge\.m2\repository\org\glassfish\jaxb\jaxb-runtime\4.0.5\jaxb-runtime-4.0.5.jar;C:\Users\Jorge\.m2\repository\org\glassfish\jaxb\jaxb-core\4.0.5\jaxb-core-4.0.5.jar;C:\Users\Jorge\.m2\repository\org\glassfish\jaxb\txw2\4.0.5\txw2-4.0.5.jar;C:\Users\Jorge\.m2\repository\com\sun\istack\istack-commons-runtime\4.1.2\istack-commons-runtime-4.1.2.jar;C:\Users\Jorge\.m2\repository\jakarta\inject\jakarta.inject-api\2.0.1\jakarta.inject-api-2.0.1.jar;C:\Users\Jorge\.m2\repository\org\antlr\antlr4-runtime\4.13.0\antlr4-runtime-4.13.0.jar;C:\Users\Jorge\.m2\repository\org\springframework\data\spring-data-jpa\3.5.0\spring-data-jpa-3.5.0.jar;C:\Users\Jorge\.m2\repository\org\springframework\data\spring-data-commons\3.5.0\spring-data-commons-3.5.0.jar;C:\Users\Jorge\.m2\repository\org\springframework\spring-orm\6.2.7\spring-orm-6.2.7.jar;C:\Users\Jorge\.m2\repository\org\springframework\spring-context\6.2.7\spring-context-6.2.7.jar;C:\Users\Jorge\.m2\repository\org\springframework\spring-aop\6.2.7\spring-aop-6.2.7.jar;C:\Users\Jorge\.m2\repository\org\springframework\spring-tx\6.2.7\spring-tx-6.2.7.jar;C:\Users\Jorge\.m2\repository\org\springframework\spring-beans\6.2.7\spring-beans-6.2.7.jar;C:\Users\Jorge\.m2\repository\org\slf4j\slf4j-api\2.0.17\slf4j-api-2.0.17.jar;C:\Users\Jorge\.m2\repository\org\springframework\spring-aspects\6.2.7\spring-aspects-6.2.7.jar;C:\Users\Jorge\.m2\repository\org\aspectj\aspectjweaver\1.9.24\aspectjweaver-1.9.24.jar;C:\Users\Jorge\.m2\repository\org\springframework\boot\spring-boot-starter-web\3.5.0\spring-boot-starter-web-3.5.0.jar;C:\Users\Jorge\.m2\repository\org\springframework\boot\spring-boot-starter-json\3.5.0\spring-boot-starter-json-3.5.0.jar;C:\Users\Jorge\.m2\repository\com\fasterxml\jackson\core\jackson-databind\2.19.0\jackson-databind-2.19.0.jar;C:\Users\Jorge\.m2\repository\com\fasterxml\jackson\core\jackson-annotations\2.19.0\jackson-annotations-2.19.0.jar;C:\Users\Jorge\.m2\repository\com\fasterxml\jackson\datatype\jackson-datatype-jdk8\2.19.0\jackson-datatype-jdk8-2.19.0.jar;C:\Users\Jorge\.m2\repository\com\fasterxml\jackson\datatype\jackson-datatype-jsr310\2.19.0\jackson-datatype-jsr310-2.19.0.jar;C:\Users\Jorge\.m2\repository\com\fasterxml\jackson\module\jackson-module-parameter-names\2.19.0\jackson-module-parameter-names-2.19.0.jar;C:\Users\Jorge\.m2\repository\org\springframework\boot\spring-boot-starter-tomcat\3.5.0\spring-boot-starter-tomcat-3.5.0.jar;C:\Users\Jorge\.m2\repository\org\apache\tomcat\embed\tomcat-embed-core\10.1.41\tomcat-embed-core-10.1.41.jar;C:\Users\Jorge\.m2\repository\org\apache\tomcat\embed\tomcat-embed-el\10.1.41\tomcat-embed-el-10.1.41.jar;C:\Users\Jorge\.m2\repository\org\apache\tomcat\embed\tomcat-embed-websocket\10.1.41\tomcat-embed-websocket-10.1.41.jar;C:\Users\Jorge\.m2\repository\org\springframework\spring-web\6.2.7\spring-web-6.2.7.jar;C:\Users\Jorge\.m2\repository\io\micrometer\micrometer-observation\1.15.0\micrometer-observation-1.15.0.jar;C:\Users\Jorge\.m2\repository\io\micrometer\micrometer-commons\1.15.0\micrometer-commons-1.15.0.jar;C:\Users\Jorge\.m2\repository\org\springframework\spring-webmvc\6.2.7\spring-webmvc-6.2.7.jar;C:\Users\Jorge\.m2\repository\org\springframework\spring-expression\6.2.7\spring-expression-6.2.7.jar;C:\Users\Jorge\.m2\repository\org\springframework\boot\spring-boot-starter-web-services\3.5.0\spring-boot-starter-web-services-3.5.0.jar;C:\Users\Jorge\.m2\repository\com\sun\xml\messaging\saaj\saaj-impl\3.0.4\saaj-impl-3.0.4.jar;C:\Users\Jorge\.m2\repository\jakarta\xml\soap\jakarta.xml.soap-api\3.0.2\jakarta.xml.soap-api-3.0.2.jar;C:\Users\Jorge\.m2\repository\org\jvnet\staxex\stax-ex\2.1.0\stax-ex-2.1.0.jar;C:\Users\Jorge\.m2\repository\jakarta\activation\jakarta.activation-api\2.1.3\jakarta.activation-api-2.1.3.jar;C:\Users\Jorge\.m2\repository\org\eclipse\angus\angus-activation\2.0.2\angus-activation-2.0.2.jar;C:\Users\Jorge\.m2\repository\jakarta\xml\ws\jakarta.xml.ws-api\4.0.2\jakarta.xml.ws-api-4.0.2.jar;C:\Users\Jorge\.m2\repository\org\springframework\spring-oxm\6.2.7\spring-oxm-6.2.7.jar;C:\Users\Jorge\.m2\repository\org\springframework\ws\spring-ws-core\4.1.0\spring-ws-core-4.1.0.jar;C:\Users\Jorge\.m2\repository\org\springframework\ws\spring-xml\4.1.0\spring-xml-4.1.0.jar;C:\Users\Jorge\.m2\repository\org\springframework\boot\spring-boot-devtools\3.5.0\spring-boot-devtools-3.5.0.jar;C:\Users\Jorge\.m2\repository\org\springframework\boot\spring-boot\3.5.0\spring-boot-3.5.0.jar;C:\Users\Jorge\.m2\repository\org\springframework\boot\spring-boot-autoconfigure\3.5.0\spring-boot-autoconfigure-3.5.0.jar;C:\Users\Jorge\.m2\repository\com\mysql\mysql-connector-j\9.2.0\mysql-connector-j-9.2.0.jar;C:\Users\Jorge\.m2\repository\org\postgresql\postgresql\42.7.5\postgresql-42.7.5.jar;C:\Users\Jorge\.m2\repository\org\checkerframework\checker-qual\3.48.3\checker-qual-3.48.3.jar;C:\Users\Jorge\.m2\repository\org\projectlombok\lombok\1.18.38\lombok-1.18.38.jar;C:\Users\Jorge\.m2\repository\jakarta\xml\bind\jakarta.xml.bind-api\4.0.2\jakarta.xml.bind-api-4.0.2.jar;C:\Users\Jorge\.m2\repository\org\springframework\spring-core\6.2.7\spring-core-6.2.7.jar;C:\Users\Jorge\.m2\repository\org\springframework\spring-jcl\6.2.7\spring-jcl-6.2.7.jar;C:\Users\Jorge\.m2\repository\com\fasterxml\jackson\core\jackson-core\2.16.0\jackson-core-2.16.0.jar
Launcher Type: SUN_STANDARD

[Global flags]
     intx CICompilerCount                          = 4                                         {product} {ergonomic}
     uint ConcGCThreads                            = 3                                         {product} {ergonomic}
     uint G1ConcRefinementThreads                  = 10                                        {product} {ergonomic}
   size_t G1HeapRegionSize                         = 2097152                                   {product} {ergonomic}
   size_t InitialHeapSize                          = 268435456                                 {product} {ergonomic}
   size_t MarkStackSize                            = 4194304                                   {product} {ergonomic}
   size_t MarkStackSizeMax                         = 536870912                                 {product} {ergonomic}
   size_t MaxHeapSize                              = 4280287232                                {product} {ergonomic}
   size_t MaxNewSize                               = 2566914048                                {product} {ergonomic}
   size_t MinHeapDeltaBytes                        = 2097152                                   {product} {ergonomic}
   size_t MinHeapSize                              = 8388608                                   {product} {ergonomic}
    uintx NonNMethodCodeHeapSize                   = 5832704                                {pd product} {ergonomic}
    uintx NonProfiledCodeHeapSize                  = 122945536                              {pd product} {ergonomic}
    uintx ProfiledCodeHeapSize                     = 122880000                              {pd product} {ergonomic}
    uintx ReservedCodeCacheSize                    = 251658240                              {pd product} {ergonomic}
     bool SegmentedCodeCache                       = true                                      {product} {ergonomic}
   size_t SoftMaxHeapSize                          = 4280287232                             {manageable} {ergonomic}
     bool UseCompressedOops                        = true                           {product lp64_product} {ergonomic}
     bool UseG1GC                                  = true                                      {product} {ergonomic}
     bool UseLargePagesIndividualAllocation        = false                                  {pd product} {ergonomic}

Logging:
Log output configuration:
 #0: stdout all=warning uptime,level,tags foldmultilines=false
 #1: stderr all=off uptime,level,tags foldmultilines=false

Environment Variables:
JAVA_HOME=C:\Java\jdk-24.0.1
PATH=C:\Program Files\Common Files\Oracle\Java\javapath;C:\Program Files (x86)\Common Files\Oracle\Java\java8path;C:\Program Files (x86)\Common Files\Oracle\Java\javapath;C:\Windows\system32;C:\Windows;C:\Windows\System32\Wbem;C:\Windows\System32\WindowsPowerShell\v1.0\;C:\Windows\System32\OpenSSH\;C:\Program Files\Git\cmd;C:\Users\Jorge\AppData\Local\Programs\Python\Python312\Scripts\;C:\Users\Jorge\AppData\Local\Programs\Python\Python312\;C:\Users\Jorge\AppData\Local\Programs\Python\Launcher\;C:\Program Files\MySQL\MySQL Shell 8.0\bin\;C:\Users\Jorge\AppData\Local\Microsoft\WindowsApps;C:\Users\Jorge\AppData\Local\Programs\Microsoft VS Code\bin;C:\Java\jdk-24.0.1\bin;
USERNAME=Jorge
OS=Windows_NT
PROCESSOR_IDENTIFIER=AMD64 Family 23 Model 1 Stepping 1, AuthenticAMD
TMP=C:\Users\Jorge\AppData\Local\Temp
TEMP=C:\Users\Jorge\AppData\Local\Temp




Periodic native trim disabled

---------------  S Y S T E M  ---------------

OS:
 Windows 10 , 64 bit Build 19041 (10.0.19041.3636)
OS uptime: 0 days 14:50 hours

CPU: total 12 (initial active 12) (12 cores per cpu, 2 threads per core) family 23 model 1 stepping 1 microcode 0x0, cx8, cmov, fxsr, ht, mmx, 3dnowpref, sse, sse2, sse3, ssse3, sse4a, sse4.1, sse4.2, popcnt, lzcnt, tsc, tscinvbit, avx, avx2, aes, clmul, bmi1, bmi2, adx, sha, fma, vzeroupper, clflush, clflushopt, rdtscp, f16c
Processor Information for the first 12 processors :
  Max Mhz: 3200, Current Mhz: 3200, Mhz Limit: 3200

Memory: 4k page, system-wide physical 16320M (7724M free)
TotalPageFile size 32704M (AvailPageFile size 21485M)
current process WorkingSet (physical memory assigned to process): 146M, peak: 146M
current process commit charge ("private bytes"): 395M, peak: 398M

vm_info: Java HotSpot(TM) 64-Bit Server VM (24.0.1+9-30) for windows-amd64 JRE (24.0.1+9-30), built on 2025-03-05T07:23:45Z with MS VC++ 17.6 (VS2022)

END.
